<?xml version="1.0" encoding="UTF-8"?>
<!-- Generated by org.testng.reporters.JUnitReportReporter -->
<testsuite hostname="LAPTOP-9QCBMQT2" failures="0" tests="6" name="ATApiTest.AppTest" time="16.552" errors="0" timestamp="2023-05-08T00:01:46 AMT" skipped="0">
  <testcase classname="ATApiTest.AppTest" name="emptyParams" time="8.572"/>
  <system-out/>
  <testcase classname="ATApiTest.AppTest" name="invalidParams" time="0.473"/>
  <system-out/>
  <testcase classname="ATApiTest.AppTest" name="invalidUUID" time="0.708"/>
  <system-out/>
  <testcase classname="ATApiTest.AppTest" name="notAllowedMethod" time="0.235"/>
  <system-out/>
  <testcase classname="ATApiTest.AppTest" name="validUUIDAndParams" time="6.077"/>
  <system-out/>
  <testcase classname="ATApiTest.AppTest" name="specificCountry" time="0.487"/>
  <system-out/>
</testsuite> <!-- ATApiTest.AppTest -->
